     1                                 %line 1+1 rect.asm
     2                                 
     3                                 
     4                                 [global r_area]
     5                                 r_area:
     6                                 [section .text]
     7 00000000 55                      push rbp
     8 00000001 4889E5                  mov rbp, rsp
     9                                 
    10 00000004 4889F8                  mov rax, rdi
    11 00000007 480FAFC6                imul rax, rsi
    12                                 
    13 0000000B C9                      leave
    14 0000000C C3                      ret
    15                                 
    16                                 [global r_perimeter]
    17                                 r_perimeter:
    18                                 [section .text]
    19 0000000D 55                      push rbp
    20 0000000E 4889E5                  mov rbp, rsp
    21                                 
    22 00000011 4889F8                  mov rax, rdi
    23 00000014 4801F0                  add rax, rsi
    24 00000017 486BC002                imul rax, 2
    25                                 
    26 0000001B C9                      leave
    27 0000001C C3                      ret
